<?xml version="1.0" encoding="UTF-8"?>
<testsuite xmlns:xsi="http://www.w3.org/2001/XMLSchema-instance" xsi:noNamespaceSchemaLocation="https://maven.apache.org/surefire/maven-surefire-plugin/xsd/surefire-test-report-3.0.xsd" version="3.0" name="stepdefs.TestRunner" time="45.036" tests="4" errors="0" skipped="0" failures="0">
  <properties>
[...]
</properties>
  <testcase name="Add the product to cart" classname="This feature will be used to test Add to cart featurefor sauce demo application" time="10.68">
    <system-out><![CDATA[
@Addtocart
Scenario: Add the product to cart                                    # src/test/java/Features/AddToCart.feature:11
  Given I have launch the application                                # stepdefs.AddToCart.i_have_launch_the_application()
  When I enter username as "standard_user"                           # stepdefs.Loginstepdefs.i_enter_username_as(java.lang.String)
  And I enter password as "secret_sauce"                             # stepdefs.Loginstepdefs.i_enter_password_as(java.lang.String)
  And I click on Login button                                        # stepdefs.Loginstepdefs.i_click_on_Login_button()
Login Succesfull
  Then I should land on home page                                    # stepdefs.Loginstepdefs.i_should_land_on_home_page()
  When I click on product name as "Sauce Lab Backpack"               # stepdefs.AddToCart.i_click_on_product_name_as(java.lang.String)
  And I click on Add to cart button                                  # stepdefs.AddToCart.i_click_on_Add_to_cart_button()
  And I click on Shopping cart link                                  # stepdefs.AddToCart.i_click_on_Shopping_cart_link()
  Then I Validate whether product is displayed in cart on cart page. # stepdefs.AddToCart.i_Validate_whether_product_is_displayed_in_cart_on_cart_page()
]]></system-out>
    <system-err><![CDATA[Jun 12, 2023 2:25:31 PM io.cucumber.junit.Cucumber <init>
WARNING: By default Cucumber is running in --non-strict mode.
This default will change to --strict and --non-strict will be removed.
You can use --strict or @CucumberOptions(strict = true) to suppress this warning
SLF4J: Failed to load class "org.slf4j.impl.StaticLoggerBinder".
SLF4J: Defaulting to no-operation (NOP) logger implementation
SLF4J: See http://www.slf4j.org/codes.html#StaticLoggerBinder for further details.
Starting ChromeDriver 114.0.5735.90 (386bc09e8f4f2e025eddae123f36f6263096ae49-refs/branch-heads/5735@{#1052}) on port 38112
Only local connections are allowed.
Please see https://chromedriver.chromium.org/security-considerations for suggestions on keeping ChromeDriver safe.
ChromeDriver was started successfully.
Jun 12, 2023 2:25:34 PM org.openqa.selenium.remote.ProtocolHandshake createSession
INFO: Detected dialect: W3C
]]></system-err>
  </testcase>
  <testcase name="Validate the Login success scenario using parameter" classname="This feature will be used to test the login functionality of SwagsLab" time="7.199">
    <system-out><![CDATA[
@Login
Scenario: Validate the Login success scenario using parameter # src/test/java/Features/Login.feature:4
  Given I have launched the application                       # stepdefs.Loginstepdefs.i_have_launched_the_application()
  When I enter username as "standard_user"                    # stepdefs.Loginstepdefs.i_enter_username_as(java.lang.String)
  And I enter password as "secret_sauce"                      # stepdefs.Loginstepdefs.i_enter_password_as(java.lang.String)
  And I click on Login button                                 # stepdefs.Loginstepdefs.i_click_on_Login_button()
Login Succesfull
  Then I should land on home page                             # stepdefs.Loginstepdefs.i_should_land_on_home_page()
]]></system-out>
    <system-err><![CDATA[Starting ChromeDriver 114.0.5735.90 (386bc09e8f4f2e025eddae123f36f6263096ae49-refs/branch-heads/5735@{#1052}) on port 15334
Only local connections are allowed.
Please see https://chromedriver.chromium.org/security-considerations for suggestions on keeping ChromeDriver safe.
ChromeDriver was started successfully.
Jun 12, 2023 2:25:43 PM org.openqa.selenium.remote.ProtocolHandshake createSession
INFO: Detected dialect: W3C
]]></system-err>
  </testcase>
  <testcase name="Validate the login failure using Scenario outline" classname="This feature will be used to test the login functionality of SwagsLab" time="13.248">
    <system-out><![CDATA[
@Login @Regression
Scenario Outline: Validate the login failure using Scenario outline                                                  # src/test/java/Features/Login.feature:21
  Given I have launched the application                                                                              # stepdefs.Loginstepdefs.i_have_launched_the_application()
  When I enter username as "standard_user"                                                                           # stepdefs.Loginstepdefs.i_enter_username_as(java.lang.String)
  And I enter password as "12345"                                                                                    # stepdefs.Loginstepdefs.i_enter_password_as(java.lang.String)
  And I click on Login button                                                                                        # stepdefs.Loginstepdefs.i_click_on_Login_button()
  Then I should get the error message as "Epic sadface: Username and password do not match any user in this service" # stepdefs.Loginstepdefs.i_should_get_the_error_message_as(java.lang.String)
]]></system-out>
    <system-err><![CDATA[Starting ChromeDriver 114.0.5735.90 (386bc09e8f4f2e025eddae123f36f6263096ae49-refs/branch-heads/5735@{#1052}) on port 24547
Only local connections are allowed.
Please see https://chromedriver.chromium.org/security-considerations for suggestions on keeping ChromeDriver safe.
ChromeDriver was started successfully.
Jun 12, 2023 2:25:50 PM org.openqa.selenium.remote.ProtocolHandshake createSession
INFO: Detected dialect: W3C
]]></system-err>
  </testcase>
  <testcase name="Validate the login failure using Scenario outline" classname="This feature will be used to test the login functionality of SwagsLab" time="13.497">
    <system-out><![CDATA[
@Login @Regression
Scenario Outline: Validate the login failure using Scenario outline                            # src/test/java/Features/Login.feature:22
  Given I have launched the application                                                        # stepdefs.Loginstepdefs.i_have_launched_the_application()
  When I enter username as "locked_out_user"                                                   # stepdefs.Loginstepdefs.i_enter_username_as(java.lang.String)
  And I enter password as "secret_sauce"                                                       # stepdefs.Loginstepdefs.i_enter_password_as(java.lang.String)
  And I click on Login button                                                                  # stepdefs.Loginstepdefs.i_click_on_Login_button()
  Then I should get the error message as "Epic sadface: Sorry, this user has been locked out." # stepdefs.Loginstepdefs.i_should_get_the_error_message_as(java.lang.String)
]]></system-out>
    <system-err><![CDATA[Starting ChromeDriver 114.0.5735.90 (386bc09e8f4f2e025eddae123f36f6263096ae49-refs/branch-heads/5735@{#1052}) on port 19212
Only local connections are allowed.
Please see https://chromedriver.chromium.org/security-considerations for suggestions on keeping ChromeDriver safe.
ChromeDriver was started successfully.
Jun 12, 2023 2:26:04 PM org.openqa.selenium.remote.ProtocolHandshake createSession
INFO: Detected dialect: W3C
]]></system-err>
  </testcase>
</testsuite>